<?xml version="1.0" encoding="UTF-8"?>
<!-- Generated by org.testng.reporters.JUnitReportReporter -->
<testsuite hostname="LAPTOP-22H2D9OF" failures="0" tests="3" name="com.marketing.DataProviderExample" time="0.030" errors="0" timestamp="2024-03-26T18:49:40 IST" skipped="0">
  <testcase classname="com.marketing.DataProviderExample" name="loginTest" time="0.002"/>
  <testcase classname="com.marketing.DataProviderExample" name="loginTest" time="0.003"/>
  <testcase classname="com.marketing.DataProviderExample" name="loginTest" time="0.025"/>
</testsuite> <!-- com.marketing.DataProviderExample -->
