<?xml version="1.0" encoding="UTF-8"?>
<!-- Generated by org.testng.reporters.JUnitReportReporter -->
<testsuite hostname="LAPTOP-22H2D9OF" failures="0" tests="4" name="com.marketing.PriorityExample" time="0.045" errors="0" timestamp="2024-03-26T17:05:58 IST" skipped="1">
  <testcase classname="com.marketing.PriorityExample" name="testOne" time="0.037"/>
  <testcase classname="com.marketing.PriorityExample" name="testTwo" time="0.004"/>
  <testcase classname="com.marketing.PriorityExample" name="testThree" time="0.004"/>
  <testcase classname="com.marketing.PriorityExample" name="testFour">
    <skipped/>
  </testcase> <!-- testFour -->
</testsuite> <!-- com.marketing.PriorityExample -->
