<?xml version="1.0" encoding="UTF-8"?>
<!-- Generated by org.testng.reporters.JUnitReportReporter -->
<testsuite hostname="LAPTOP-22H2D9OF" failures="0" tests="2" name="com.marketing.AppTest" time="0.028" errors="0" timestamp="2024-03-26T18:36:37 IST" skipped="0">
  <testcase classname="com.marketing.AppTest" name="testlogin2" time="0.003"/>
  <testcase classname="com.marketing.AppTest" name="testlogin1" time="0.025"/>
</testsuite> <!-- com.marketing.AppTest -->
