<?xml version="1.0" encoding="UTF-8"?>
<!-- Generated by org.testng.reporters.JUnitReportReporter -->
<testsuite hostname="LAPTOP-22H2D9OF" failures="0" tests="2" name="com.marketing.GroupingExample" time="0.006" errors="0" timestamp="2024-03-26T17:26:59 IST" skipped="0">
  <testcase classname="com.marketing.GroupingExample" name="test4" time="0.002"/>
  <testcase classname="com.marketing.GroupingExample" name="test1" time="0.004"/>
</testsuite> <!-- com.marketing.GroupingExample -->
