<?xml version="1.0" encoding="UTF-8"?>
<!-- Generated by org.testng.reporters.JUnitReportReporter -->
<testsuite hostname="LAPTOP-22H2D9OF" failures="0" tests="2" name="com.marketing.TC2" time="0.019" errors="0" timestamp="2024-03-26T18:36:37 IST" skipped="0">
  <testcase classname="com.marketing.TC2" name="test3" time="0.008"/>
  <testcase classname="com.marketing.TC2" name="test4" time="0.011"/>
</testsuite> <!-- com.marketing.TC2 -->
