<?xml version="1.0" encoding="UTF-8"?>
<!-- Generated by org.testng.reporters.JUnitReportReporter -->
<testsuite hostname="LAPTOP-22H2D9OF" failures="0" tests="2" name="com.marketing.TC1" time="0.010" errors="0" timestamp="2024-03-26T18:36:37 IST" skipped="0">
  <testcase classname="com.marketing.TC1" name="test1" time="0.006"/>
  <testcase classname="com.marketing.TC1" name="test2" time="0.004"/>
</testsuite> <!-- com.marketing.TC1 -->
