<?xml version="1.0" encoding="UTF-8"?>
<!-- Generated by org.testng.reporters.JUnitReportReporter -->
<testsuite hostname="LAPTOP-22H2D9OF" failures="0" tests="2" name="com.marketing.AppTest" time="0.041" errors="0" timestamp="2024-03-28T20:06:04 IST" skipped="0">
  <testcase classname="com.marketing.AppTest" name="testlogin1" time="0.039"/>
  <testcase classname="com.marketing.AppTest" name="testlogin2" time="0.002"/>
</testsuite> <!-- com.marketing.AppTest -->
